[ssm_oa][INFO] [2016-07-19 17:26:01] org.springframework.web.context.ContextLoader.initWebApplicationContext(285) | Root WebApplicationContext: initialization started
[ssm_oa][INFO] [2016-07-19 17:26:02] org.springframework.context.support.AbstractApplicationContext.prepareRefresh(510) | Refreshing Root WebApplicationContext: startup date [Tue Jul 19 17:26:02 CST 2016]; root of context hierarchy
[ssm_oa][INFO] [2016-07-19 17:26:02] org.springframework.beans.factory.xml.XmlBeanDefinitionReader.loadBeanDefinitions(317) | Loading XML bean definitions from URL [file:/G:/myoaRepo/oa-parent/oa-web/target/classes/spring/spring.xml]
[ssm_oa][INFO] [2016-07-19 17:26:02] org.springframework.beans.factory.xml.XmlBeanDefinitionReader.loadBeanDefinitions(317) | Loading XML bean definitions from URL [jar:file:/E:/mavenrepo/com/shupro/test/oa-admin/0.0.1-SNAPSHOT/oa-admin-0.0.1-SNAPSHOT.jar!/spring/spring.xml]
[ssm_oa][INFO] [2016-07-19 17:26:03] org.springframework.beans.factory.xml.XmlBeanDefinitionReader.loadBeanDefinitions(317) | Loading XML bean definitions from URL [jar:file:/E:/mavenrepo/com/shupro/test/oa-shopping/0.0.1-SNAPSHOT/oa-shopping-0.0.1-SNAPSHOT.jar!/spring/spring.xml]
[ssm_oa][INFO] [2016-07-19 17:26:03] org.springframework.beans.factory.support.DefaultListableBeanFactory.registerBeanDefinition(822) | Overriding bean definition for bean 'dataSource': replacing [Generic bean: class [org.apache.commons.dbcp.BasicDataSource]; scope=; abstract=false; lazyInit=false; autowireMode=0; dependencyCheck=0; autowireCandidate=true; primary=false; factoryBeanName=null; factoryMethodName=null; initMethodName=null; destroyMethodName=null; defined in URL [jar:file:/E:/mavenrepo/com/shupro/test/oa-admin/0.0.1-SNAPSHOT/oa-admin-0.0.1-SNAPSHOT.jar!/spring/spring.xml]] with [Generic bean: class [org.apache.commons.dbcp.BasicDataSource]; scope=; abstract=false; lazyInit=false; autowireMode=0; dependencyCheck=0; autowireCandidate=true; primary=false; factoryBeanName=null; factoryMethodName=null; initMethodName=null; destroyMethodName=null; defined in URL [jar:file:/E:/mavenrepo/com/shupro/test/oa-shopping/0.0.1-SNAPSHOT/oa-shopping-0.0.1-SNAPSHOT.jar!/spring/spring.xml]]
[ssm_oa][INFO] [2016-07-19 17:26:03] org.springframework.beans.factory.support.DefaultListableBeanFactory.registerBeanDefinition(822) | Overriding bean definition for bean 'sqlSessionFactory': replacing [Generic bean: class [org.mybatis.spring.SqlSessionFactoryBean]; scope=; abstract=false; lazyInit=false; autowireMode=0; dependencyCheck=0; autowireCandidate=true; primary=false; factoryBeanName=null; factoryMethodName=null; initMethodName=null; destroyMethodName=null; defined in URL [jar:file:/E:/mavenrepo/com/shupro/test/oa-admin/0.0.1-SNAPSHOT/oa-admin-0.0.1-SNAPSHOT.jar!/spring/spring.xml]] with [Generic bean: class [org.mybatis.spring.SqlSessionFactoryBean]; scope=; abstract=false; lazyInit=false; autowireMode=0; dependencyCheck=0; autowireCandidate=true; primary=false; factoryBeanName=null; factoryMethodName=null; initMethodName=null; destroyMethodName=null; defined in URL [jar:file:/E:/mavenrepo/com/shupro/test/oa-shopping/0.0.1-SNAPSHOT/oa-shopping-0.0.1-SNAPSHOT.jar!/spring/spring.xml]]
[ssm_oa][INFO] [2016-07-19 17:26:03] org.springframework.beans.factory.support.DefaultListableBeanFactory.registerBeanDefinition(822) | Overriding bean definition for bean 'transactionManager': replacing [Generic bean: class [org.springframework.jdbc.datasource.DataSourceTransactionManager]; scope=; abstract=false; lazyInit=false; autowireMode=0; dependencyCheck=0; autowireCandidate=true; primary=false; factoryBeanName=null; factoryMethodName=null; initMethodName=null; destroyMethodName=null; defined in URL [jar:file:/E:/mavenrepo/com/shupro/test/oa-admin/0.0.1-SNAPSHOT/oa-admin-0.0.1-SNAPSHOT.jar!/spring/spring.xml]] with [Generic bean: class [org.springframework.jdbc.datasource.DataSourceTransactionManager]; scope=; abstract=false; lazyInit=false; autowireMode=0; dependencyCheck=0; autowireCandidate=true; primary=false; factoryBeanName=null; factoryMethodName=null; initMethodName=null; destroyMethodName=null; defined in URL [jar:file:/E:/mavenrepo/com/shupro/test/oa-shopping/0.0.1-SNAPSHOT/oa-shopping-0.0.1-SNAPSHOT.jar!/spring/spring.xml]]
[ssm_oa][WARN] [2016-07-19 17:26:03] org.mybatis.spring.mapper.ClassPathMapperScanner.checkCandidate(226) | Skipping MapperFactoryBean with name 'sysDeptMapper' and 'com.shupro.oa.admin.dao.SysDeptMapper' mapperInterface. Bean already defined with the same name!
[ssm_oa][WARN] [2016-07-19 17:26:03] org.mybatis.spring.mapper.ClassPathMapperScanner.checkCandidate(226) | Skipping MapperFactoryBean with name 'sysDictionaryMapper' and 'com.shupro.oa.admin.dao.SysDictionaryMapper' mapperInterface. Bean already defined with the same name!
[ssm_oa][WARN] [2016-07-19 17:26:03] org.mybatis.spring.mapper.ClassPathMapperScanner.checkCandidate(226) | Skipping MapperFactoryBean with name 'sysLogMapper' and 'com.shupro.oa.admin.dao.SysLogMapper' mapperInterface. Bean already defined with the same name!
[ssm_oa][WARN] [2016-07-19 17:26:03] org.mybatis.spring.mapper.ClassPathMapperScanner.checkCandidate(226) | Skipping MapperFactoryBean with name 'sysMenuMapper' and 'com.shupro.oa.admin.dao.SysMenuMapper' mapperInterface. Bean already defined with the same name!
[ssm_oa][WARN] [2016-07-19 17:26:03] org.mybatis.spring.mapper.ClassPathMapperScanner.checkCandidate(226) | Skipping MapperFactoryBean with name 'sysRoleMapper' and 'com.shupro.oa.admin.dao.SysRoleMapper' mapperInterface. Bean already defined with the same name!
[ssm_oa][WARN] [2016-07-19 17:26:03] org.mybatis.spring.mapper.ClassPathMapperScanner.checkCandidate(226) | Skipping MapperFactoryBean with name 'sysUserMapper' and 'com.shupro.oa.admin.dao.SysUserMapper' mapperInterface. Bean already defined with the same name!
[ssm_oa][WARN] [2016-07-19 17:26:03] org.mybatis.spring.mapper.ClassPathMapperScanner.checkCandidate(226) | Skipping MapperFactoryBean with name 'shopGoodsMapper' and 'com.shupro.oa.shopping.dao.ShopGoodsMapper' mapperInterface. Bean already defined with the same name!
[ssm_oa][WARN] [2016-07-19 17:26:03] org.mybatis.spring.mapper.ClassPathMapperScanner.doScan(158) | No MyBatis mapper was found in '[com.shupro.oa.*.dao]' package. Please check your configuration.
[ssm_oa][INFO] [2016-07-19 17:26:03] org.springframework.core.io.support.PropertiesLoaderSupport.loadProperties(172) | Loading properties file from URL [file:/G:/myoaRepo/oa-parent/oa-web/target/classes/config.properties]
[ssm_oa][INFO] [2016-07-19 17:26:03] org.springframework.core.io.support.PropertiesLoaderSupport.loadProperties(172) | Loading properties file from URL [jar:file:/E:/mavenrepo/com/shupro/test/oa-admin/0.0.1-SNAPSHOT/oa-admin-0.0.1-SNAPSHOT.jar!/config.properties]
[ssm_oa][INFO] [2016-07-19 17:26:03] org.springframework.core.io.support.PropertiesLoaderSupport.loadProperties(172) | Loading properties file from URL [jar:file:/E:/mavenrepo/com/shupro/test/oa-shopping/0.0.1-SNAPSHOT/oa-shopping-0.0.1-SNAPSHOT.jar!/config.properties]
[ssm_oa][INFO] [2016-07-19 17:26:03] org.springframework.core.io.support.PropertiesLoaderSupport.loadProperties(172) | Loading properties file from URL [file:/G:/myoaRepo/oa-parent/oa-web/target/classes/config.properties]
[ssm_oa][INFO] [2016-07-19 17:26:03] org.springframework.core.io.support.PropertiesLoaderSupport.loadProperties(172) | Loading properties file from URL [jar:file:/E:/mavenrepo/com/shupro/test/oa-admin/0.0.1-SNAPSHOT/oa-admin-0.0.1-SNAPSHOT.jar!/config.properties]
[ssm_oa][INFO] [2016-07-19 17:26:03] org.springframework.core.io.support.PropertiesLoaderSupport.loadProperties(172) | Loading properties file from URL [jar:file:/E:/mavenrepo/com/shupro/test/oa-shopping/0.0.1-SNAPSHOT/oa-shopping-0.0.1-SNAPSHOT.jar!/config.properties]
[ssm_oa][INFO] [2016-07-19 17:26:03] org.springframework.beans.factory.annotation.AutowiredAnnotationBeanPostProcessor.<init>(153) | JSR-330 'javax.inject.Inject' annotation found and supported for autowiring
[ssm_oa][INFO] [2016-07-19 17:26:04] org.springframework.web.context.ContextLoader.initWebApplicationContext(325) | Root WebApplicationContext: initialization completed in 2665 ms
[ssm_oa][INFO] [2016-07-19 17:27:11] org.springframework.web.servlet.FrameworkServlet.initServletBean(485) | FrameworkServlet 'spring': initialization started
[ssm_oa][INFO] [2016-07-19 17:27:11] org.springframework.context.support.AbstractApplicationContext.prepareRefresh(510) | Refreshing WebApplicationContext for namespace 'spring-servlet': startup date [Tue Jul 19 17:27:11 CST 2016]; parent: Root WebApplicationContext
[ssm_oa][INFO] [2016-07-19 17:27:11] org.springframework.beans.factory.xml.XmlBeanDefinitionReader.loadBeanDefinitions(317) | Loading XML bean definitions from URL [file:/G:/myoaRepo/oa-parent/oa-web/target/classes/spring/spring-mvc.xml]
[ssm_oa][INFO] [2016-07-19 17:27:12] org.springframework.beans.factory.annotation.AutowiredAnnotationBeanPostProcessor.<init>(153) | JSR-330 'javax.inject.Inject' annotation found and supported for autowiring
[ssm_oa][INFO] [2016-07-19 17:27:13] org.springframework.web.servlet.handler.AbstractUrlHandlerMapping.registerHandler(314) | Mapped URL path [/static/**] onto handler 'org.springframework.web.servlet.resource.ResourceHttpRequestHandler#0'
[ssm_oa][INFO] [2016-07-19 17:27:13] org.springframework.web.servlet.handler.AbstractHandlerMethodMapping.registerHandlerMethod(217) | Mapped "{[/login]}" onto public com.shupro.oa.vo.Result com.shupro.oa.admin.controller.LoginController.login(javax.servlet.http.HttpServletRequest)
[ssm_oa][INFO] [2016-07-19 17:27:13] org.springframework.web.servlet.handler.AbstractHandlerMethodMapping.registerHandlerMethod(217) | Mapped "{[/logout],methods=[GET]}" onto public java.lang.String com.shupro.oa.admin.controller.LoginController.logout(javax.servlet.http.HttpServletRequest)
[ssm_oa][INFO] [2016-07-19 17:27:13] org.springframework.web.servlet.handler.AbstractHandlerMethodMapping.registerHandlerMethod(217) | Mapped "{[/logout],methods=[POST]}" onto public com.shupro.oa.vo.Result com.shupro.oa.admin.controller.LoginController.logoutAjax(javax.servlet.http.HttpServletRequest)
[ssm_oa][INFO] [2016-07-19 17:27:13] org.springframework.web.servlet.handler.AbstractHandlerMethodMapping.registerHandlerMethod(217) | Mapped "{[/sysDept/init]}" onto public java.lang.String com.shupro.oa.admin.controller.SysDeptController.init()
[ssm_oa][INFO] [2016-07-19 17:27:13] org.springframework.web.servlet.handler.AbstractHandlerMethodMapping.registerHandlerMethod(217) | Mapped "{[/sysDept/list]}" onto public java.lang.String com.shupro.oa.admin.controller.SysDeptController.list(javax.servlet.http.HttpServletRequest)
[ssm_oa][INFO] [2016-07-19 17:27:13] org.springframework.web.servlet.handler.AbstractHandlerMethodMapping.registerHandlerMethod(217) | Mapped "{[/sysDept/save],methods=[POST]}" onto public java.lang.String com.shupro.oa.admin.controller.SysDeptController.save(com.shupro.oa.admin.model.SysDept)
[ssm_oa][INFO] [2016-07-19 17:27:13] org.springframework.web.servlet.handler.AbstractHandlerMethodMapping.registerHandlerMethod(217) | Mapped "{[/sysDept/delete/{id}],methods=[GET]}" onto public java.lang.String com.shupro.oa.admin.controller.SysDeptController.delete(int)
[ssm_oa][INFO] [2016-07-19 17:27:13] org.springframework.web.servlet.handler.AbstractHandlerMethodMapping.registerHandlerMethod(217) | Mapped "{[/sysDept/deletes/{ids}],methods=[GET]}" onto public java.lang.String com.shupro.oa.admin.controller.SysDeptController.delete(java.lang.String)
[ssm_oa][INFO] [2016-07-19 17:27:13] org.springframework.web.servlet.handler.AbstractHandlerMethodMapping.registerHandlerMethod(217) | Mapped "{[/sysDept/update],methods=[POST]}" onto public java.lang.String com.shupro.oa.admin.controller.SysDeptController.update(com.shupro.oa.admin.model.SysDept)
[ssm_oa][INFO] [2016-07-19 17:27:13] org.springframework.web.servlet.handler.AbstractHandlerMethodMapping.registerHandlerMethod(217) | Mapped "{[/sysDept/tree]}" onto public java.lang.String com.shupro.oa.admin.controller.SysDeptController.tree(javax.servlet.http.HttpServletRequest)
[ssm_oa][INFO] [2016-07-19 17:27:13] org.springframework.web.servlet.handler.AbstractHandlerMethodMapping.registerHandlerMethod(217) | Mapped "{[/sysDept/treeGrid]}" onto public java.lang.String com.shupro.oa.admin.controller.SysDeptController.treeGrid(javax.servlet.http.HttpServletRequest)
[ssm_oa][INFO] [2016-07-19 17:27:13] org.springframework.web.servlet.handler.AbstractHandlerMethodMapping.registerHandlerMethod(217) | Mapped "{[/sysDictionary/init]}" onto public java.lang.String com.shupro.oa.admin.controller.SysDictionaryController.init()
[ssm_oa][INFO] [2016-07-19 17:27:13] org.springframework.web.servlet.handler.AbstractHandlerMethodMapping.registerHandlerMethod(217) | Mapped "{[/sysDictionary/list]}" onto public java.lang.String com.shupro.oa.admin.controller.SysDictionaryController.list(javax.servlet.http.HttpServletRequest)
[ssm_oa][INFO] [2016-07-19 17:27:13] org.springframework.web.servlet.handler.AbstractHandlerMethodMapping.registerHandlerMethod(217) | Mapped "{[/sysDictionary/save],methods=[POST]}" onto public java.lang.String com.shupro.oa.admin.controller.SysDictionaryController.save(com.shupro.oa.admin.model.SysDictionary)
[ssm_oa][INFO] [2016-07-19 17:27:13] org.springframework.web.servlet.handler.AbstractHandlerMethodMapping.registerHandlerMethod(217) | Mapped "{[/sysDictionary/delete/{ids}],methods=[GET]}" onto public java.lang.String com.shupro.oa.admin.controller.SysDictionaryController.delete(java.lang.String)
[ssm_oa][INFO] [2016-07-19 17:27:13] org.springframework.web.servlet.handler.AbstractHandlerMethodMapping.registerHandlerMethod(217) | Mapped "{[/sysDictionary/update],methods=[POST]}" onto public java.lang.String com.shupro.oa.admin.controller.SysDictionaryController.update(com.shupro.oa.admin.model.SysDictionary)
[ssm_oa][INFO] [2016-07-19 17:27:13] org.springframework.web.servlet.handler.AbstractHandlerMethodMapping.registerHandlerMethod(217) | Mapped "{[/sysDictionary/select2combo/{pid}]}" onto public java.lang.String com.shupro.oa.admin.controller.SysDictionaryController.select2combo(javax.servlet.http.HttpServletRequest,int)
[ssm_oa][INFO] [2016-07-19 17:27:13] org.springframework.web.servlet.handler.AbstractHandlerMethodMapping.registerHandlerMethod(217) | Mapped "{[/sysLog/init]}" onto public java.lang.String com.shupro.oa.admin.controller.SysLogController.init()
[ssm_oa][INFO] [2016-07-19 17:27:13] org.springframework.web.servlet.handler.AbstractHandlerMethodMapping.registerHandlerMethod(217) | Mapped "{[/sysLog/list]}" onto public java.lang.String com.shupro.oa.admin.controller.SysLogController.list(javax.servlet.http.HttpServletRequest)
[ssm_oa][INFO] [2016-07-19 17:27:13] org.springframework.web.servlet.handler.AbstractHandlerMethodMapping.registerHandlerMethod(217) | Mapped "{[/sysLog/save],methods=[POST]}" onto public java.lang.String com.shupro.oa.admin.controller.SysLogController.save(com.shupro.oa.admin.model.SysLog)
[ssm_oa][INFO] [2016-07-19 17:27:13] org.springframework.web.servlet.handler.AbstractHandlerMethodMapping.registerHandlerMethod(217) | Mapped "{[/sysLog/delete/{ids}],methods=[GET]}" onto public java.lang.String com.shupro.oa.admin.controller.SysLogController.delete(java.lang.String)
[ssm_oa][INFO] [2016-07-19 17:27:13] org.springframework.web.servlet.handler.AbstractHandlerMethodMapping.registerHandlerMethod(217) | Mapped "{[/sysLog/update],methods=[POST]}" onto public java.lang.String com.shupro.oa.admin.controller.SysLogController.update(com.shupro.oa.admin.model.SysLog)
[ssm_oa][INFO] [2016-07-19 17:27:13] org.springframework.web.servlet.handler.AbstractHandlerMethodMapping.registerHandlerMethod(217) | Mapped "{[/sysMenu/init]}" onto public java.lang.String com.shupro.oa.admin.controller.SysMenuController.init()
[ssm_oa][INFO] [2016-07-19 17:27:13] org.springframework.web.servlet.handler.AbstractHandlerMethodMapping.registerHandlerMethod(217) | Mapped "{[/sysMenu/list]}" onto public java.lang.String com.shupro.oa.admin.controller.SysMenuController.list(javax.servlet.http.HttpServletRequest)
[ssm_oa][INFO] [2016-07-19 17:27:13] org.springframework.web.servlet.handler.AbstractHandlerMethodMapping.registerHandlerMethod(217) | Mapped "{[/sysMenu/save],methods=[POST]}" onto public java.lang.String com.shupro.oa.admin.controller.SysMenuController.save(com.shupro.oa.admin.model.SysMenu)
[ssm_oa][INFO] [2016-07-19 17:27:13] org.springframework.web.servlet.handler.AbstractHandlerMethodMapping.registerHandlerMethod(217) | Mapped "{[/sysMenu/delete/{ids}],methods=[GET]}" onto public java.lang.String com.shupro.oa.admin.controller.SysMenuController.delete(java.lang.String)
[ssm_oa][INFO] [2016-07-19 17:27:13] org.springframework.web.servlet.handler.AbstractHandlerMethodMapping.registerHandlerMethod(217) | Mapped "{[/sysMenu/update],methods=[POST]}" onto public java.lang.String com.shupro.oa.admin.controller.SysMenuController.update(com.shupro.oa.admin.model.SysMenu)
[ssm_oa][INFO] [2016-07-19 17:27:13] org.springframework.web.servlet.handler.AbstractHandlerMethodMapping.registerHandlerMethod(217) | Mapped "{[/sysRole/init]}" onto public java.lang.String com.shupro.oa.admin.controller.SysRoleController.init()
[ssm_oa][INFO] [2016-07-19 17:27:13] org.springframework.web.servlet.handler.AbstractHandlerMethodMapping.registerHandlerMethod(217) | Mapped "{[/sysRole/list]}" onto public java.lang.String com.shupro.oa.admin.controller.SysRoleController.list(javax.servlet.http.HttpServletRequest)
[ssm_oa][INFO] [2016-07-19 17:27:13] org.springframework.web.servlet.handler.AbstractHandlerMethodMapping.registerHandlerMethod(217) | Mapped "{[/sysRole/save],methods=[POST]}" onto public java.lang.String com.shupro.oa.admin.controller.SysRoleController.save(com.shupro.oa.admin.model.SysRole)
[ssm_oa][INFO] [2016-07-19 17:27:13] org.springframework.web.servlet.handler.AbstractHandlerMethodMapping.registerHandlerMethod(217) | Mapped "{[/sysRole/delete/{ids}],methods=[GET]}" onto public java.lang.String com.shupro.oa.admin.controller.SysRoleController.delete(java.lang.String)
[ssm_oa][INFO] [2016-07-19 17:27:13] org.springframework.web.servlet.handler.AbstractHandlerMethodMapping.registerHandlerMethod(217) | Mapped "{[/sysRole/update],methods=[POST]}" onto public java.lang.String com.shupro.oa.admin.controller.SysRoleController.update(com.shupro.oa.admin.model.SysRole)
[ssm_oa][INFO] [2016-07-19 17:27:13] org.springframework.web.servlet.handler.AbstractHandlerMethodMapping.registerHandlerMethod(217) | Mapped "{[/sysUser/init]}" onto public java.lang.String com.shupro.oa.admin.controller.SysUserController.init()
[ssm_oa][INFO] [2016-07-19 17:27:13] org.springframework.web.servlet.handler.AbstractHandlerMethodMapping.registerHandlerMethod(217) | Mapped "{[/sysUser/list]}" onto public java.lang.String com.shupro.oa.admin.controller.SysUserController.list(javax.servlet.http.HttpServletRequest)
[ssm_oa][INFO] [2016-07-19 17:27:13] org.springframework.web.servlet.handler.AbstractHandlerMethodMapping.registerHandlerMethod(217) | Mapped "{[/sysUser/save],methods=[POST]}" onto public java.lang.String com.shupro.oa.admin.controller.SysUserController.save(com.shupro.oa.admin.model.SysUser)
[ssm_oa][INFO] [2016-07-19 17:27:13] org.springframework.web.servlet.handler.AbstractHandlerMethodMapping.registerHandlerMethod(217) | Mapped "{[/sysUser/delete/{ids}],methods=[GET]}" onto public java.lang.String com.shupro.oa.admin.controller.SysUserController.delete(java.lang.String)
[ssm_oa][INFO] [2016-07-19 17:27:13] org.springframework.web.servlet.handler.AbstractHandlerMethodMapping.registerHandlerMethod(217) | Mapped "{[/sysUser/update],methods=[POST]}" onto public java.lang.String com.shupro.oa.admin.controller.SysUserController.update(com.shupro.oa.admin.model.SysUser)
[ssm_oa][INFO] [2016-07-19 17:27:13] org.springframework.web.servlet.handler.AbstractHandlerMethodMapping.registerHandlerMethod(217) | Mapped "{[/sysUser/upload]}" onto public java.lang.String com.shupro.oa.admin.controller.SysUserController.upload(javax.servlet.http.HttpServletRequest,javax.servlet.http.HttpServletResponse)
[ssm_oa][INFO] [2016-07-19 17:27:13] org.springframework.web.servlet.handler.AbstractHandlerMethodMapping.registerHandlerMethod(217) | Mapped "{[/sysUser/upload2]}" onto public java.lang.String com.shupro.oa.admin.controller.SysUserController.upload2(org.springframework.web.multipart.MultipartFile,javax.servlet.http.HttpServletRequest,org.springframework.ui.ModelMap)
[ssm_oa][INFO] [2016-07-19 17:27:13] org.springframework.web.servlet.handler.AbstractHandlerMethodMapping.registerHandlerMethod(217) | Mapped "{[/initLinkButton]}" onto public java.lang.String com.shupro.oa.common.controller.DemoController.initLinkButton(org.springframework.ui.Model)
[ssm_oa][INFO] [2016-07-19 17:27:13] org.springframework.web.servlet.handler.AbstractHandlerMethodMapping.registerHandlerMethod(217) | Mapped "{[/initSwitchButton]}" onto public java.lang.String com.shupro.oa.common.controller.DemoController.initSwitchButton(org.springframework.ui.Model)
[ssm_oa][INFO] [2016-07-19 17:27:13] org.springframework.web.servlet.handler.AbstractHandlerMethodMapping.registerHandlerMethod(217) | Mapped "{[/initForm-valide]}" onto public java.lang.String com.shupro.oa.common.controller.DemoController.initFormValide(org.springframework.ui.Model)
[ssm_oa][INFO] [2016-07-19 17:27:13] org.springframework.web.servlet.handler.AbstractHandlerMethodMapping.registerHandlerMethod(217) | Mapped "{[/initComboBox-js]}" onto public java.lang.String com.shupro.oa.common.controller.DemoController.initComboBox2(org.springframework.ui.Model)
[ssm_oa][INFO] [2016-07-19 17:27:13] org.springframework.web.servlet.handler.AbstractHandlerMethodMapping.registerHandlerMethod(217) | Mapped "{[/initComboBox-cascade]}" onto public java.lang.String com.shupro.oa.common.controller.DemoController.initComboBox3(org.springframework.ui.Model)
[ssm_oa][INFO] [2016-07-19 17:27:13] org.springframework.web.servlet.handler.AbstractHandlerMethodMapping.registerHandlerMethod(217) | Mapped "{[/initCombogrid]}" onto public java.lang.String com.shupro.oa.common.controller.DemoController.initCombogrid(org.springframework.ui.Model)
[ssm_oa][INFO] [2016-07-19 17:27:13] org.springframework.web.servlet.handler.AbstractHandlerMethodMapping.registerHandlerMethod(217) | Mapped "{[/initCombotree]}" onto public java.lang.String com.shupro.oa.common.controller.DemoController.initCombotree(org.springframework.ui.Model)
[ssm_oa][INFO] [2016-07-19 17:27:13] org.springframework.web.servlet.handler.AbstractHandlerMethodMapping.registerHandlerMethod(217) | Mapped "{[/initPanel-js]}" onto public java.lang.String com.shupro.oa.common.controller.DemoController.initPanel2(org.springframework.ui.Model)
[ssm_oa][INFO] [2016-07-19 17:27:13] org.springframework.web.servlet.handler.AbstractHandlerMethodMapping.registerHandlerMethod(217) | Mapped "{[/leftDemo]}" onto public java.lang.String com.shupro.oa.common.controller.DemoController.leftDemo(org.springframework.ui.Model)
[ssm_oa][INFO] [2016-07-19 17:27:13] org.springframework.web.servlet.handler.AbstractHandlerMethodMapping.registerHandlerMethod(217) | Mapped "{[/initMessager]}" onto public java.lang.String com.shupro.oa.common.controller.DemoController.initMessager(org.springframework.ui.Model)
[ssm_oa][INFO] [2016-07-19 17:27:13] org.springframework.web.servlet.handler.AbstractHandlerMethodMapping.registerHandlerMethod(217) | Mapped "{[/initDialog]}" onto public java.lang.String com.shupro.oa.common.controller.DemoController.initDialog(org.springframework.ui.Model)
[ssm_oa][INFO] [2016-07-19 17:27:13] org.springframework.web.servlet.handler.AbstractHandlerMethodMapping.registerHandlerMethod(217) | Mapped "{[/initWindow]}" onto public java.lang.String com.shupro.oa.common.controller.DemoController.initWindow(org.springframework.ui.Model)
[ssm_oa][INFO] [2016-07-19 17:27:13] org.springframework.web.servlet.handler.AbstractHandlerMethodMapping.registerHandlerMethod(217) | Mapped "{[/initWindow-style]}" onto public java.lang.String com.shupro.oa.common.controller.DemoController.initWindow2(org.springframework.ui.Model)
[ssm_oa][INFO] [2016-07-19 17:27:13] org.springframework.web.servlet.handler.AbstractHandlerMethodMapping.registerHandlerMethod(217) | Mapped "{[/initPanel]}" onto public java.lang.String com.shupro.oa.common.controller.DemoController.initPanel(org.springframework.ui.Model)
[ssm_oa][INFO] [2016-07-19 17:27:13] org.springframework.web.servlet.handler.AbstractHandlerMethodMapping.registerHandlerMethod(217) | Mapped "{[/initDialog-js]}" onto public java.lang.String com.shupro.oa.common.controller.DemoController.initDialog2(org.springframework.ui.Model)
[ssm_oa][INFO] [2016-07-19 17:27:13] org.springframework.web.servlet.handler.AbstractHandlerMethodMapping.registerHandlerMethod(217) | Mapped "{[/initForm]}" onto public java.lang.String com.shupro.oa.common.controller.DemoController.initForm(org.springframework.ui.Model)
[ssm_oa][INFO] [2016-07-19 17:27:13] org.springframework.web.servlet.handler.AbstractHandlerMethodMapping.registerHandlerMethod(217) | Mapped "{[/initForm-file]}" onto public java.lang.String com.shupro.oa.common.controller.DemoController.initFormFile(org.springframework.ui.Model)
[ssm_oa][INFO] [2016-07-19 17:27:13] org.springframework.web.servlet.handler.AbstractHandlerMethodMapping.registerHandlerMethod(217) | Mapped "{[/initComboBox]}" onto public java.lang.String com.shupro.oa.common.controller.DemoController.initComboBox(org.springframework.ui.Model)
[ssm_oa][INFO] [2016-07-19 17:27:13] org.springframework.web.servlet.handler.AbstractHandlerMethodMapping.registerHandlerMethod(217) | Mapped "{[/initGrid]}" onto public java.lang.String com.shupro.oa.common.controller.DemoController.initGrid(org.springframework.ui.Model)
[ssm_oa][INFO] [2016-07-19 17:27:13] org.springframework.web.servlet.handler.AbstractHandlerMethodMapping.registerHandlerMethod(217) | Mapped "{[/initGrid-js]}" onto public java.lang.String com.shupro.oa.common.controller.DemoController.initGrid2(org.springframework.ui.Model)
[ssm_oa][INFO] [2016-07-19 17:27:13] org.springframework.web.servlet.handler.AbstractHandlerMethodMapping.registerHandlerMethod(217) | Mapped "{[/initTree]}" onto public java.lang.String com.shupro.oa.common.controller.DemoController.initTree(org.springframework.ui.Model)
[ssm_oa][INFO] [2016-07-19 17:27:13] org.springframework.web.servlet.handler.AbstractHandlerMethodMapping.registerHandlerMethod(217) | Mapped "{[/initTree-js]}" onto public java.lang.String com.shupro.oa.common.controller.DemoController.initTree2(org.springframework.ui.Model)
[ssm_oa][INFO] [2016-07-19 17:27:13] org.springframework.web.servlet.handler.AbstractHandlerMethodMapping.registerHandlerMethod(217) | Mapped "{[/initTreegrid]}" onto public java.lang.String com.shupro.oa.common.controller.DemoController.initTreegrid(org.springframework.ui.Model)
[ssm_oa][INFO] [2016-07-19 17:27:13] org.springframework.web.servlet.handler.AbstractHandlerMethodMapping.registerHandlerMethod(217) | Mapped "{[/home]}" onto public java.lang.String com.shupro.oa.common.controller.PageController.home(org.springframework.ui.Model)
[ssm_oa][INFO] [2016-07-19 17:27:13] org.springframework.web.servlet.handler.AbstractHandlerMethodMapping.registerHandlerMethod(217) | Mapped "{[/welcome]}" onto public java.lang.String com.shupro.oa.common.controller.PageController.welcome(org.springframework.ui.Model)
[ssm_oa][INFO] [2016-07-19 17:27:13] org.springframework.web.servlet.handler.AbstractHandlerMethodMapping.registerHandlerMethod(217) | Mapped "{[/tologin]}" onto public java.lang.String com.shupro.oa.common.controller.PageController.tologin(org.springframework.ui.Model)
[ssm_oa][INFO] [2016-07-19 17:27:13] org.springframework.web.servlet.handler.AbstractHandlerMethodMapping.registerHandlerMethod(217) | Mapped "{[/shopGoods/init]}" onto public java.lang.String com.shupro.oa.shopping.controller.ShopGoodsController.init()
[ssm_oa][INFO] [2016-07-19 17:27:13] org.springframework.web.servlet.handler.AbstractHandlerMethodMapping.registerHandlerMethod(217) | Mapped "{[/shopGoods/list]}" onto public java.lang.String com.shupro.oa.shopping.controller.ShopGoodsController.list(javax.servlet.http.HttpServletRequest)
[ssm_oa][INFO] [2016-07-19 17:27:13] org.springframework.web.servlet.handler.AbstractHandlerMethodMapping.registerHandlerMethod(217) | Mapped "{[/shopGoods/save],methods=[POST]}" onto public java.lang.String com.shupro.oa.shopping.controller.ShopGoodsController.save(com.shupro.oa.shopping.model.ShopGoods)
[ssm_oa][INFO] [2016-07-19 17:27:13] org.springframework.web.servlet.handler.AbstractHandlerMethodMapping.registerHandlerMethod(217) | Mapped "{[/shopGoods/delete/{ids}],methods=[GET]}" onto public java.lang.String com.shupro.oa.shopping.controller.ShopGoodsController.delete(java.lang.String)
[ssm_oa][INFO] [2016-07-19 17:27:13] org.springframework.web.servlet.handler.AbstractHandlerMethodMapping.registerHandlerMethod(217) | Mapped "{[/shopGoods/update],methods=[POST]}" onto public java.lang.String com.shupro.oa.shopping.controller.ShopGoodsController.update(com.shupro.oa.shopping.model.ShopGoods)
[ssm_oa][INFO] [2016-07-19 17:27:14] org.springframework.web.servlet.mvc.method.annotation.RequestMappingHandlerAdapter.initControllerAdviceCache(517) | Looking for @ControllerAdvice: WebApplicationContext for namespace 'spring-servlet': startup date [Tue Jul 19 17:27:11 CST 2016]; parent: Root WebApplicationContext
[ssm_oa][INFO] [2016-07-19 17:27:14] org.springframework.web.servlet.mvc.method.annotation.RequestMappingHandlerAdapter.initControllerAdviceCache(517) | Looking for @ControllerAdvice: WebApplicationContext for namespace 'spring-servlet': startup date [Tue Jul 19 17:27:11 CST 2016]; parent: Root WebApplicationContext
[ssm_oa][INFO] [2016-07-19 17:27:14] org.springframework.web.servlet.FrameworkServlet.initServletBean(504) | FrameworkServlet 'spring': initialization completed in 2871 ms
[ssm_oa][INFO] [2016-07-19 17:27:15] com.shupro.oa.aop.SysLogAop.recordSysLog(65) | [类名]:com.shupro.oa.common.controller.PageController,[方法]:tologin,[请求路径]:/oa/tologin,[参数]:{}
[ssm_oa][INFO] [2016-07-19 17:27:15] com.shupro.oa.aop.SysLogAop.recordSysLog(85) | 用户未登录
[ssm_oa][INFO] [2016-07-19 17:27:35] com.shupro.oa.aop.SysLogAop.recordSysLog(65) | [类名]:com.shupro.oa.admin.controller.LoginController,[方法]:login,[请求路径]:/oa/login,[参数]:{"loginname":"xm","password":"123456"}
[ssm_oa][INFO] [2016-07-19 17:27:35] com.shupro.oa.aop.SysLogAop.recordSysLog(85) | 用户未登录
[ssm_oa][INFO] [2016-07-19 17:27:39] com.shupro.oa.aop.SysLogAop.recordSysLog(65) | [类名]:com.shupro.oa.common.controller.PageController,[方法]:home,[请求路径]:/oa/home,[参数]:{}
[ssm_oa][INFO] [2016-07-19 17:27:40] com.shupro.oa.aop.SysLogAop.recordSysLog(65) | [类名]:com.shupro.oa.common.controller.PageController,[方法]:welcome,[请求路径]:/oa/welcome,[参数]:{}
[ssm_oa][INFO] [2016-07-19 17:27:41] com.shupro.oa.aop.SysLogAop.recordSysLog(65) | [类名]:com.shupro.oa.common.controller.PageController,[方法]:welcome,[请求路径]:/oa/welcome,[参数]:{}
[ssm_oa][INFO] [2016-07-19 17:27:51] com.shupro.oa.aop.SysLogAop.recordSysLog(65) | [类名]:com.shupro.oa.common.controller.DemoController,[方法]:initFormValide,[请求路径]:/oa/initForm-valide,[参数]:{}
[ssm_oa][INFO] [2016-07-19 17:27:51] com.shupro.oa.aop.SysLogAop.recordSysLog(82) | com.shupro.oa.admin.model.SysLog@11929856
[ssm_oa][INFO] [2016-07-19 17:31:32] com.shupro.oa.aop.SysLogAop.recordSysLog(65) | [类名]:com.shupro.oa.common.controller.DemoController,[方法]:initFormValide,[请求路径]:/oa/initForm-valide,[参数]:{}
[ssm_oa][INFO] [2016-07-19 17:31:32] com.shupro.oa.aop.SysLogAop.recordSysLog(82) | com.shupro.oa.admin.model.SysLog@1cd62dd8
[ssm_oa][INFO] [2016-07-19 17:31:43] com.shupro.oa.aop.SysLogAop.recordSysLog(65) | [类名]:com.shupro.oa.common.controller.PageController,[方法]:home,[请求路径]:/oa/home,[参数]:{}
[ssm_oa][INFO] [2016-07-19 17:31:44] com.shupro.oa.aop.SysLogAop.recordSysLog(65) | [类名]:com.shupro.oa.common.controller.PageController,[方法]:welcome,[请求路径]:/oa/welcome,[参数]:{}
[ssm_oa][INFO] [2016-07-19 17:31:44] com.shupro.oa.aop.SysLogAop.recordSysLog(65) | [类名]:com.shupro.oa.common.controller.PageController,[方法]:welcome,[请求路径]:/oa/welcome,[参数]:{}
[ssm_oa][INFO] [2016-07-19 17:31:50] com.shupro.oa.aop.SysLogAop.recordSysLog(65) | [类名]:com.shupro.oa.common.controller.DemoController,[方法]:initFormValide,[请求路径]:/oa/initForm-valide,[参数]:{}
[ssm_oa][INFO] [2016-07-19 17:31:50] com.shupro.oa.aop.SysLogAop.recordSysLog(82) | com.shupro.oa.admin.model.SysLog@6c910436
[ssm_oa][INFO] [2016-07-19 17:32:37] com.shupro.oa.aop.SysLogAop.recordSysLog(65) | [类名]:com.shupro.oa.common.controller.DemoController,[方法]:initFormValide,[请求路径]:/oa/initForm-valide,[参数]:{}
[ssm_oa][INFO] [2016-07-19 17:32:37] com.shupro.oa.aop.SysLogAop.recordSysLog(82) | com.shupro.oa.admin.model.SysLog@1dc10b9c
